android-housecontrol/bin/proguard/seeds.txt
com.jamesdanylik.hestia.HestiaLoginActivity
com.jamesdanylik.hestia.HestiaLoginActivity: HestiaLoginActivity()
com.jamesdanylik.hestia.HestiaMainActivity
com.jamesdanylik.hestia.HestiaMainActivity: HestiaMainActivity()