android-housecontrol/bin/proguard/usage.txt
com.jamesdanylik.hestia.BuildConfig
com.jamesdanylik.hestia.HestiaLoginActivity:
    public static final java.lang.String PREFS_NAME
com.jamesdanylik.hestia.HestiaMainActivity:
    192:197:protected void updateStatus()
com.jamesdanylik.hestia.R
com.jamesdanylik.hestia.R$array
com.jamesdanylik.hestia.R$attr
com.jamesdanylik.hestia.R$drawable
com.jamesdanylik.hestia.R$id
com.jamesdanylik.hestia.R$layout
com.jamesdanylik.hestia.R$string
...
org.apache.commons.net.CharGenTCPClient
org.apache.commons.net.CharGenUDPClient
org.apache.commons.net.DatagramSocketClient
org.apache.commons.net.DatagramSocketFactory
org.apache.commons.net.DaytimeTCPClient
org.apache.commons.net.DaytimeUDPClient
org.apache.commons.net.DefaultDatagramSocketFactory
org.apache.commons.net.DefaultSocketFactory:
    67:67:public java.net.Socket createSocket(java.net.InetAddress,int)
    86:86:public java.net.Socket createSocket(java.lang.String,int,java.net.InetAddress,int)
    104:104:public java.net.Socket createSocket(java.net.InetAddress,int,java.net.InetAddress,int)
    118:118:public java.net.ServerSocket createServerSocket(int)
    135:135:public java.net.ServerSocket createServerSocket(int,int)
    155:155:public java.net.ServerSocket createServerSocket(int,int,java.net.InetAddress)
org.apache.commons.net.DiscardTCPClient
org.apache.commons.net.DiscardUDPClient
org.apache.commons.net.EchoTCPClient
org.apache.commons.net.EchoUDPClient
org.apache.commons.net.FingerClient
org.apache.commons.net.MalformedServerReplyException
org.apache.commons.net.ProtocolCommandEvent
org.apache.commons.net.ProtocolCommandListener
org.apache.commons.net.ProtocolCommandSupport
org.apache.commons.net.SocketClient:
    public static final java.lang.String NETASCII_EOL
    141:143:public void connect(java.net.InetAddress,int)
    186:188:public void connect(java.net.InetAddress,int,java.net.InetAddress,int)
    211:214:public void connect(java.lang.String,int,java.net.InetAddress,int)
    231:232:public void connect(java.net.InetAddress)
    250:251:public void connect(java.lang.String)
    284:284:public boolean isConnected()
    309:309:public int getDefaultPort()
    326:327:public void setDefaultTimeout(int)
    339:339:public int getDefaultTimeout()
    354:355:public void setSoTimeout(int)
    366:366:public int getSoTimeout()
    378:379:public void setTcpNoDelay(boolean)
    392:392:public boolean getTcpNoDelay()
    405:406:public void setSoLinger(boolean,int)
    418:418:public int getSoLinger()
    431:431:public int getLocalPort()
    442:442:public java.net.InetAddress getLocalAddress()
    454:454:public int getRemotePort()
    463:463:public java.net.InetAddress getRemoteAddress()
    480:483:public boolean verifyRemote(java.net.Socket)
    497:501:public void setSocketFactory(org.apache.commons.net.SocketFactory)
org.apache.commons.net.SocketFactory:
    public abstract java.net.Socket createSocket(java.net.InetAddress,int)
    public abstract java.net.Socket createSocket(java.lang.String,int,java.net.InetAddress,int)
    public abstract java.net.Socket createSocket(java.net.InetAddress,int,java.net.InetAddress,int)
    public abstract java.net.ServerSocket createServerSocket(int)
    public abstract java.net.ServerSocket createServerSocket(int,int)
    public abstract java.net.ServerSocket createServerSocket(int,int,java.net.InetAddress)
org.apache.commons.net.TimeTCPClient
org.apache.commons.net.TimeUDPClient
org.apache.commons.net.WhoisClient
org.apache.commons.net.bsd.RCommandClient
org.apache.commons.net.bsd.RExecClient
org.apache.commons.net.bsd.RLoginClient
org.apache.commons.net.ftp.Configurable
org.apache.commons.net.ftp.DefaultFTPFileListParser
org.apache.commons.net.ftp.FTP
org.apache.commons.net.ftp.FTPClient
org.apache.commons.net.ftp.FTPClientConfig
org.apache.commons.net.ftp.FTPCommand
org.apache.commons.net.ftp.FTPConnectionClosedException
org.apache.commons.net.ftp.FTPFile
org.apache.commons.net.ftp.FTPFileEntryParser
org.apache.commons.net.ftp.FTPFileEntryParserImpl
org.apache.commons.net.ftp.FTPFileIterator
org.apache.commons.net.ftp.FTPFileList
org.apache.commons.net.ftp.FTPFileListParser
org.apache.commons.net.ftp.FTPFileListParserImpl
org.apache.commons.net.ftp.FTPListParseEngine
org.apache.commons.net.ftp.FTPReply
org.apache.commons.net.ftp.parser.CompositeFileEntryParser
org.apache.commons.net.ftp.parser.ConfigurableFTPFileEntryParserImpl